<?xml version="1.0" encoding="UTF-8"?>
<testng-results ignored="0" total="1" passed="1" failed="0" skipped="0">
  <reporter-output>
  </reporter-output>
  <suite started-at="2022-05-30T21:28:02 IST" name="Default suite" finished-at="2022-05-30T21:28:02 IST" duration-ms="66">
    <groups>
    </groups>
    <test started-at="2022-05-30T21:28:02 IST" name="Default test" finished-at="2022-05-30T21:28:02 IST" duration-ms="66">
      <class name="com.brillio.frameWorkDesign.ValidationCheck">
        <test-method signature="validationOne()[pri:0, instance:com.brillio.frameWorkDesign.ValidationCheck@ffaa6af]" started-at="2022-05-30T21:28:02 IST" name="validationOne" finished-at="2022-05-30T21:28:02 IST" duration-ms="13" status="PASS">
          <reporter-output>
          </reporter-output>
        </test-method> <!-- validationOne -->
      </class> <!-- com.brillio.frameWorkDesign.ValidationCheck -->
    </test> <!-- Default test -->
  </suite> <!-- Default suite -->
</testng-results>
